2025-08-05 09:28:00 INFO  TestBase:61 - Starting tests on chrome browser.
2025-08-05 09:28:15 INFO  TestBase:137 - Driver initialization completed.
2025-08-05 09:28:16 INFO  MainPage:55 - Trying login with provided credentials
2025-08-05 09:28:27 ERROR ReusableFunctions:40 - Exception Occurred While Locating The Element: Expected condition failed: waiting for visibility of element located by By.xpath: //div[contains(@style, 'transition')] (tried for 10 second(s) with 500 milliseconds interval)
2025-08-05 09:28:27 INFO  MainPage:97 - Verifying BI creation
2025-08-05 09:28:35 ERROR ReusableFunctions:106 - Exception Occurred While Clicking The Element: element click intercepted: Element <label for="Gender-M" class="cmp-selection__field-lable" tabindex="0">...</label> is not clickable at point (336, 429). Other element would receive the click: <div class="cmp-form__form-group">...</div>
  (Session info: chrome=138.0.7204.184)
Build info: version: '3.13.0', revision: '2f0d292', time: '2018-06-25T15:24:21.231Z'
System info: host: 'INDHYDELP221', ip: '192.168.0.196', os.name: 'Windows 10', os.arch: 'amd64', os.version: '10.0', java.version: '17.0.15'
Driver info: org.openqa.selenium.chrome.ChromeDriver
Capabilities {acceptInsecureCerts: false, browserName: chrome, browserVersion: 138.0.7204.184, chrome: {chromedriverVersion: 138.0.7204.183 (e90faf484dd..., userDataDir: C:\Users\ANKUSH~1.SIN\AppDa...}, fedcm:accounts: true, goog:chromeOptions: {debuggerAddress: localhost:56926}, javascriptEnabled: true, networkConnectionEnabled: false, pageLoadStrategy: normal, platform: WINDOWS, platformName: WINDOWS, proxy: Proxy(), setWindowRect: true, strictFileInteractability: false, timeouts: {implicit: 0, pageLoad: 300000, script: 30000}, unhandledPromptBehavior: dismiss and notify, webauthn:extension:credBlob: true, webauthn:extension:largeBlob: true, webauthn:extension:minPinLength: true, webauthn:extension:prf: true, webauthn:virtualAuthenticators: true}
Session ID: 3c136de57670afae0aace1afd83137e5
2025-08-05 09:29:41 ERROR ReusableFunctions:40 - Exception Occurred While Locating The Element: Expected condition failed: waiting for visibility of element located by By.xpath: //button[text()='VIEW BI'] (tried for 10 second(s) with 500 milliseconds interval)
2025-08-05 09:29:41 INFO  MainPage:206 - Trying to convert to application:
2025-08-05 09:29:41 INFO  MainPage:227 - Selecting physical kyc
2025-08-05 09:29:52 ERROR ReusableFunctions:40 - Exception Occurred While Locating The Element: Expected condition failed: waiting for visibility of element located by By.xpath: //button[text()='Use Physical KYC'] (tried for 10 second(s) with 500 milliseconds interval)
2025-08-05 09:30:02 ERROR ReusableFunctions:82 - Exception Occurred While Locating The Element: Expected condition failed: waiting for element to be clickable: By.xpath: //h2[contains(text(),'Application No.')] (tried for 10 second(s) with 500 milliseconds interval)
2025-08-05 09:30:02 ERROR MainPage:242 - error while physical kycCannot invoke "String.split(String)" because "APP_BI" is null
2025-08-05 09:30:02 INFO  MainPage:254 - Trying operation on main page
2025-08-05 09:30:10 ERROR ReusableFunctions:40 - Exception Occurred While Locating The Element: invalid session id: session deleted as the browser has closed the connection
from disconnected: not connected to DevTools
  (Session info: chrome=138.0.7204.184)
Build info: version: '3.13.0', revision: '2f0d292', time: '2018-06-25T15:24:21.231Z'
System info: host: 'INDHYDELP221', ip: '192.168.0.196', os.name: 'Windows 10', os.arch: 'amd64', os.version: '10.0', java.version: '17.0.15'
Driver info: org.openqa.selenium.chrome.ChromeDriver
Capabilities {acceptInsecureCerts: false, browserName: chrome, browserVersion: 138.0.7204.184, chrome: {chromedriverVersion: 138.0.7204.183 (e90faf484dd..., userDataDir: C:\Users\ANKUSH~1.SIN\AppDa...}, fedcm:accounts: true, goog:chromeOptions: {debuggerAddress: localhost:56926}, javascriptEnabled: true, networkConnectionEnabled: false, pageLoadStrategy: normal, platform: WINDOWS, platformName: WINDOWS, proxy: Proxy(), setWindowRect: true, strictFileInteractability: false, timeouts: {implicit: 0, pageLoad: 300000, script: 30000}, unhandledPromptBehavior: dismiss and notify, webauthn:extension:credBlob: true, webauthn:extension:largeBlob: true, webauthn:extension:minPinLength: true, webauthn:extension:prf: true, webauthn:virtualAuthenticators: true}
Session ID: 3c136de57670afae0aace1afd83137e5
*** Element info: {Using=xpath, value=//input[@placeholder='Email Address']}
2025-08-05 09:30:10 ERROR ReusableFunctions:82 - Exception Occurred While Locating The Element: invalid session id
Build info: version: '3.13.0', revision: '2f0d292', time: '2018-06-25T15:24:21.231Z'
System info: host: 'INDHYDELP221', ip: '192.168.0.196', os.name: 'Windows 10', os.arch: 'amd64', os.version: '10.0', java.version: '17.0.15'
Driver info: org.openqa.selenium.chrome.ChromeDriver
Capabilities {acceptInsecureCerts: false, browserName: chrome, browserVersion: 138.0.7204.184, chrome: {chromedriverVersion: 138.0.7204.183 (e90faf484dd..., userDataDir: C:\Users\ANKUSH~1.SIN\AppDa...}, fedcm:accounts: true, goog:chromeOptions: {debuggerAddress: localhost:56926}, javascriptEnabled: true, networkConnectionEnabled: false, pageLoadStrategy: normal, platform: WINDOWS, platformName: WINDOWS, proxy: Proxy(), setWindowRect: true, strictFileInteractability: false, timeouts: {implicit: 0, pageLoad: 300000, script: 30000}, unhandledPromptBehavior: dismiss and notify, webauthn:extension:credBlob: true, webauthn:extension:largeBlob: true, webauthn:extension:minPinLength: true, webauthn:extension:prf: true, webauthn:virtualAuthenticators: true}
Session ID: 3c136de57670afae0aace1afd83137e5
*** Element info: {Using=xpath, value=//input[@placeholder='Email Address']}
2025-08-05 09:30:11 ERROR ReusableFunctions:40 - Exception Occurred While Locating The Element: invalid session id
Build info: version: '3.13.0', revision: '2f0d292', time: '2018-06-25T15:24:21.231Z'
System info: host: 'INDHYDELP221', ip: '192.168.0.196', os.name: 'Windows 10', os.arch: 'amd64', os.version: '10.0', java.version: '17.0.15'
Driver info: org.openqa.selenium.chrome.ChromeDriver
Capabilities {acceptInsecureCerts: false, browserName: chrome, browserVersion: 138.0.7204.184, chrome: {chromedriverVersion: 138.0.7204.183 (e90faf484dd..., userDataDir: C:\Users\ANKUSH~1.SIN\AppDa...}, fedcm:accounts: true, goog:chromeOptions: {debuggerAddress: localhost:56926}, javascriptEnabled: true, networkConnectionEnabled: false, pageLoadStrategy: normal, platform: WINDOWS, platformName: WINDOWS, proxy: Proxy(), setWindowRect: true, strictFileInteractability: false, timeouts: {implicit: 0, pageLoad: 300000, script: 30000}, unhandledPromptBehavior: dismiss and notify, webauthn:extension:credBlob: true, webauthn:extension:largeBlob: true, webauthn:extension:minPinLength: true, webauthn:extension:prf: true, webauthn:virtualAuthenticators: true}
Session ID: 3c136de57670afae0aace1afd83137e5
*** Element info: {Using=xpath, value=//input[@id='EducationQualification']//ancestor::*[1]/div}
2025-08-05 09:30:11 ERROR ReusableFunctions:202 - Exception Occurred While Selecting The Dropdown: invalid session id
Build info: version: '3.13.0', revision: '2f0d292', time: '2018-06-25T15:24:21.231Z'
System info: host: 'INDHYDELP221', ip: '192.168.0.196', os.name: 'Windows 10', os.arch: 'amd64', os.version: '10.0', java.version: '17.0.15'
Driver info: org.openqa.selenium.chrome.ChromeDriver
Capabilities {acceptInsecureCerts: false, browserName: chrome, browserVersion: 138.0.7204.184, chrome: {chromedriverVersion: 138.0.7204.183 (e90faf484dd..., userDataDir: C:\Users\ANKUSH~1.SIN\AppDa...}, fedcm:accounts: true, goog:chromeOptions: {debuggerAddress: localhost:56926}, javascriptEnabled: true, networkConnectionEnabled: false, pageLoadStrategy: normal, platform: WINDOWS, platformName: WINDOWS, proxy: Proxy(), setWindowRect: true, strictFileInteractability: false, timeouts: {implicit: 0, pageLoad: 300000, script: 30000}, unhandledPromptBehavior: dismiss and notify, webauthn:extension:credBlob: true, webauthn:extension:largeBlob: true, webauthn:extension:minPinLength: true, webauthn:extension:prf: true, webauthn:virtualAuthenticators: true}
Session ID: 3c136de57670afae0aace1afd83137e5
*** Element info: {Using=xpath, value=//input[@id='EducationQualification']//ancestor::*[1]/div}
2025-08-05 09:30:11 ERROR ReusableFunctions:40 - Exception Occurred While Locating The Element: invalid session id
Build info: version: '3.13.0', revision: '2f0d292', time: '2018-06-25T15:24:21.231Z'
System info: host: 'INDHYDELP221', ip: '192.168.0.196', os.name: 'Windows 10', os.arch: 'amd64', os.version: '10.0', java.version: '17.0.15'
Driver info: org.openqa.selenium.chrome.ChromeDriver
Capabilities {acceptInsecureCerts: false, browserName: chrome, browserVersion: 138.0.7204.184, chrome: {chromedriverVersion: 138.0.7204.183 (e90faf484dd..., userDataDir: C:\Users\ANKUSH~1.SIN\AppDa...}, fedcm:accounts: true, goog:chromeOptions: {debuggerAddress: localhost:56926}, javascriptEnabled: true, networkConnectionEnabled: false, pageLoadStrategy: normal, platform: WINDOWS, platformName: WINDOWS, proxy: Proxy(), setWindowRect: true, strictFileInteractability: false, timeouts: {implicit: 0, pageLoad: 300000, script: 30000}, unhandledPromptBehavior: dismiss and notify, webauthn:extension:credBlob: true, webauthn:extension:largeBlob: true, webauthn:extension:minPinLength: true, webauthn:extension:prf: true, webauthn:virtualAuthenticators: true}
Session ID: 3c136de57670afae0aace1afd83137e5
*** Element info: {Using=xpath, value=//input[@id='combo-box-demo']//ancestor::*[2]/label[text()='Current Occupation']//ancestor::*[1]/div}
2025-08-05 09:30:11 ERROR ReusableFunctions:202 - Exception Occurred While Selecting The Dropdown: invalid session id
Build info: version: '3.13.0', revision: '2f0d292', time: '2018-06-25T15:24:21.231Z'
System info: host: 'INDHYDELP221', ip: '192.168.0.196', os.name: 'Windows 10', os.arch: 'amd64', os.version: '10.0', java.version: '17.0.15'
Driver info: org.openqa.selenium.chrome.ChromeDriver
Capabilities {acceptInsecureCerts: false, browserName: chrome, browserVersion: 138.0.7204.184, chrome: {chromedriverVersion: 138.0.7204.183 (e90faf484dd..., userDataDir: C:\Users\ANKUSH~1.SIN\AppDa...}, fedcm:accounts: true, goog:chromeOptions: {debuggerAddress: localhost:56926}, javascriptEnabled: true, networkConnectionEnabled: false, pageLoadStrategy: normal, platform: WINDOWS, platformName: WINDOWS, proxy: Proxy(), setWindowRect: true, strictFileInteractability: false, timeouts: {implicit: 0, pageLoad: 300000, script: 30000}, unhandledPromptBehavior: dismiss and notify, webauthn:extension:credBlob: true, webauthn:extension:largeBlob: true, webauthn:extension:minPinLength: true, webauthn:extension:prf: true, webauthn:virtualAuthenticators: true}
Session ID: 3c136de57670afae0aace1afd83137e5
*** Element info: {Using=xpath, value=//input[@id='combo-box-demo']//ancestor::*[2]/label[text()='Current Occupation']//ancestor::*[1]/div}
